c:\users\user\desktop\study\framework-player\x64\debug\windowapi.pch
c:\users\user\desktop\study\framework-player\x64\debug\vc141.pdb
c:\users\user\desktop\study\framework-player\x64\debug\vc141.idb
c:\users\user\desktop\study\framework-player\x64\debug\stdafx.obj
c:\users\user\desktop\study\framework-player\x64\debug\playground.obj
c:\users\user\desktop\study\framework-player\x64\debug\player.obj
c:\users\user\desktop\study\framework-player\x64\debug\keymanager.obj
c:\users\user\desktop\study\framework-player\x64\debug\keyanimanager.obj
c:\users\user\desktop\study\framework-player\x64\debug\jumpstrongattackstate.obj
c:\users\user\desktop\study\framework-player\x64\debug\jumpstate.obj
c:\users\user\desktop\study\framework-player\x64\debug\inidatamanager.obj
c:\users\user\desktop\study\framework-player\x64\debug\imagemanager.obj
c:\users\user\desktop\study\framework-player\x64\debug\image.obj
c:\users\user\desktop\study\framework-player\x64\debug\idlestate.obj
c:\users\user\desktop\study\framework-player\x64\debug\hitstate.obj
c:\users\user\desktop\study\framework-player\x64\debug\gamenode.obj
c:\users\user\desktop\study\framework-player\x64\debug\effectmanager.obj
c:\users\user\desktop\study\framework-player\x64\debug\effect.obj
c:\users\user\desktop\study\framework-player\x64\debug\downstate.obj
c:\users\user\desktop\study\framework-player\x64\debug\dashattackstate.obj
c:\users\user\desktop\study\framework-player\x64\debug\combostate.obj
c:\users\user\desktop\study\framework-player\x64\debug\button.obj
c:\users\user\desktop\study\framework-player\x64\debug\animation.obj
c:\users\user\desktop\study\framework-player\x64\debug\action.obj
c:\users\user\desktop\study\framework-player\x64\debug\winmain.obj
c:\users\user\desktop\study\framework-player\x64\debug\walkstate.obj
c:\users\user\desktop\study\framework-player\x64\debug\utils.obj
c:\users\user\desktop\study\framework-player\x64\debug\txtdata.obj
c:\users\user\desktop\study\framework-player\x64\debug\timer.obj
c:\users\user\desktop\study\framework-player\x64\debug\timemanager.obj
c:\users\user\desktop\study\framework-player\x64\debug\testscene.obj
c:\users\user\desktop\study\framework-player\x64\debug\strongattackstate.obj
c:\users\user\desktop\study\framework-player\x64\debug\state.obj
c:\users\user\desktop\study\framework-player\x64\debug\stage_detention.obj
c:\users\user\desktop\study\framework-player\x64\debug\stage_3rdfloor_corridor.obj
c:\users\user\desktop\study\framework-player\x64\debug\stageui.obj
c:\users\user\desktop\study\framework-player\x64\debug\soundmanager.obj
c:\users\user\desktop\study\framework-player\x64\debug\skillstate.obj
c:\users\user\desktop\study\framework-player\x64\debug\scenemanager.obj
c:\users\user\desktop\study\framework-player\x64\debug\runstate.obj
c:\users\user\desktop\study\framework-player\x64\debug\rendermanager.obj
c:\users\user\desktop\study\framework-player\x64\debug\progressbar.obj
c:\users\user\desktop\study\framework-player\x64\debug\flyanddownstate.obj
c:\users\user\desktop\study\framework-player\x64\debug\hitanddownstate.obj
c:\users\user\desktop\study\framework-player\x64\debug\windowapi.exe
c:\users\user\desktop\study\framework-player\x64\debug\windowapi.ilk
c:\users\user\desktop\study\framework-player\x64\debug\windowapi.pdb
c:\users\user\desktop\study\framework-player\x64\debug\windowapi.res
c:\users\user\desktop\study\framework-player\x64\debug\windowapi.tlog\cl.command.1.tlog
c:\users\user\desktop\study\framework-player\x64\debug\windowapi.tlog\cl.read.1.tlog
c:\users\user\desktop\study\framework-player\x64\debug\windowapi.tlog\cl.write.1.tlog
c:\users\user\desktop\study\framework-player\x64\debug\windowapi.tlog\link.command.1.tlog
c:\users\user\desktop\study\framework-player\x64\debug\windowapi.tlog\link.read.1.tlog
c:\users\user\desktop\study\framework-player\x64\debug\windowapi.tlog\link.write.1.tlog
c:\users\user\desktop\study\framework-player\x64\debug\windowapi.tlog\rc.command.1.tlog
c:\users\user\desktop\study\framework-player\x64\debug\windowapi.tlog\rc.read.1.tlog
c:\users\user\desktop\study\framework-player\x64\debug\windowapi.tlog\rc.write.1.tlog
